<?xml version="1.0" encoding="UTF-8"?>
<testsuite name="com.bridglabz.MaximumTest" tests="1" skipped="0" failures="0" errors="0" timestamp="2020-08-19T15:32:45" hostname="DESKTOP-GL7D8LT" time="0.004">
  <properties/>
  <testcase name="maximunNumber_Float_ReturnMax" classname="com.bridglabz.MaximumTest" time="0.004"/>
  <system-out><![CDATA[]]></system-out>
  <system-err><![CDATA[]]></system-err>
</testsuite>
