<?xml version="1.0" encoding="UTF-8"?>
<testsuite name="com.bridglabz.MaximumTest" tests="3" skipped="0" failures="0" errors="0" timestamp="2020-08-13T12:58:58" hostname="DESKTOP-GL7D8LT" time="0.004">
  <properties/>
  <testcase name="maximunNumber_Float_ReturnMax" classname="com.bridglabz.MaximumTest" time="0.003"/>
  <testcase name="maximunNumber_String_ReturnMax" classname="com.bridglabz.MaximumTest" time="0.0"/>
  <testcase name="maximunNumber_Integer_ReturnMax" classname="com.bridglabz.MaximumTest" time="0.0"/>
  <system-out><![CDATA[]]></system-out>
  <system-err><![CDATA[]]></system-err>
</testsuite>
